<?xml version="1.0" encoding="UTF-8"?>
<testng-results ignored="0" total="1" passed="1" failed="0" skipped="0">
  <reporter-output>
    <line>
      <![CDATA[The string  text is entered in the field]]>
    </line>
    <line>
      <![CDATA[The string  text is entered in the field]]>
    </line>
    <line>
      <![CDATA[The string  text is entered in the field]]>
    </line>
    <line>
      <![CDATA[The string  text is entered in the field]]>
    </line>
  </reporter-output>
  <suite started-at="2019-07-25T14:52:56Z" name="Default suite" finished-at="2019-07-25T14:53:57Z" duration-ms="61804">
    <groups>
      <group name="cucumber">
        <method signature="TestRunner.scenario(cucumber.api.testng.PickleEventWrapper, cucumber.api.testng.CucumberFeatureWrapper)[pri:0, instance:Cucumberlistener.TestRunner@5552768b]" name="scenario" class="Cucumberlistener.TestRunner"/>
      </group> <!-- cucumber -->
    </groups>
    <test started-at="2019-07-25T14:52:56Z" name="Default test" finished-at="2019-07-25T14:53:57Z" duration-ms="61804">
      <class name="Cucumberlistener.TestRunner">
        <test-method is-config="true" signature="setUp()[pri:0, instance:Cucumberlistener.TestRunner@5552768b]" started-at="2019-07-25T14:52:15Z" name="setUp" finished-at="2019-07-25T14:52:56Z" duration-ms="40785" status="PASS">
          <reporter-output>
          </reporter-output>
        </test-method> <!-- setUp -->
        <test-method is-config="true" signature="setUpClass()[pri:0, instance:Cucumberlistener.TestRunner@5552768b]" started-at="2019-07-25T14:52:56Z" name="setUpClass" finished-at="2019-07-25T14:52:56Z" duration-ms="280" status="PASS">
          <reporter-output>
          </reporter-output>
        </test-method> <!-- setUpClass -->
        <test-method signature="scenario(cucumber.api.testng.PickleEventWrapper, cucumber.api.testng.CucumberFeatureWrapper)[pri:0, instance:Cucumberlistener.TestRunner@5552768b]" started-at="2019-07-25T14:52:56Z" name="scenario" description="Runs Cucumber Scenarios" data-provider="scenarios" finished-at="2019-07-25T14:53:57Z" duration-ms="61209" status="PASS">
          <params>
            <param index="0">
              <value>
                <![CDATA["Validate the sorting of the list items"]]>
              </value>
            </param>
            <param index="1">
              <value>
                <![CDATA["Title of your feature"]]>
              </value>
            </param>
          </params>
          <reporter-output>
            <line>
              <![CDATA[The string  text is entered in the field]]>
            </line>
            <line>
              <![CDATA[The string  text is entered in the field]]>
            </line>
            <line>
              <![CDATA[The string  text is entered in the field]]>
            </line>
            <line>
              <![CDATA[The string  text is entered in the field]]>
            </line>
          </reporter-output>
        </test-method> <!-- scenario -->
        <test-method is-config="true" signature="tearDownClass()[pri:0, instance:Cucumberlistener.TestRunner@5552768b]" started-at="2019-07-25T14:53:57Z" name="tearDownClass" finished-at="2019-07-25T14:53:57Z" duration-ms="193" status="PASS">
          <reporter-output>
          </reporter-output>
        </test-method> <!-- tearDownClass -->
        <test-method is-config="true" signature="generateReport()[pri:0, instance:Cucumberlistener.TestRunner@5552768b]" started-at="2019-07-25T14:53:58Z" name="generateReport" finished-at="2019-07-25T14:54:00Z" duration-ms="2740" status="PASS">
          <reporter-output>
          </reporter-output>
        </test-method> <!-- generateReport -->
        <test-method is-config="true" signature="tearDown()[pri:0, instance:Cucumberlistener.TestRunner@5552768b]" started-at="2019-07-25T14:54:00Z" name="tearDown" finished-at="2019-07-25T14:54:00Z" duration-ms="30" status="PASS">
          <reporter-output>
          </reporter-output>
        </test-method> <!-- tearDown -->
      </class> <!-- Cucumberlistener.TestRunner -->
    </test> <!-- Default test -->
  </suite> <!-- Default suite -->
</testng-results>
